<?xml version="1.0" encoding="UTF-8"?>
<!-- Generated by org.testng.reporters.JUnitReportReporter -->
<testsuite skipped="0" hostname="LAPTOP-BICUJ9MF" name="com.freecrm.test.LoginPageTest" tests="2" failures="0" timestamp="27 Oct 2019 12:42:43 GMT" time="36.595" errors="0">
  <testcase name="loginPageTitleTest" time="17.131" classname="com.freecrm.test.LoginPageTest"/>
  <testcase name="loginTest" time="19.464" classname="com.freecrm.test.LoginPageTest"/>
</testsuite> <!-- com.freecrm.test.LoginPageTest -->
